<?xml version="1.0" encoding="UTF-8"?>
<testng-results ignored="0" total="1" passed="1" failed="0" skipped="0">
  <reporter-output>
  </reporter-output>
  <suite started-at="2023-09-21T21:22:34 IST" name="Default suite" finished-at="2023-09-21T21:22:38 IST" duration-ms="3893">
    <groups>
    </groups>
    <test started-at="2023-09-21T21:22:34 IST" name="Default test" finished-at="2023-09-21T21:22:38 IST" duration-ms="3893">
      <class name="RestAssured.com.RestAssured.ValidateJsonResponseBody">
        <test-method signature="UserlistResponseBody()[pri:0, instance:RestAssured.com.RestAssured.ValidateJsonResponseBody@1fa268de]" started-at="2023-09-21T21:22:34 IST" name="UserlistResponseBody" finished-at="2023-09-21T21:22:38 IST" duration-ms="3814" status="PASS">
          <reporter-output>
          </reporter-output>
        </test-method> <!-- UserlistResponseBody -->
      </class> <!-- RestAssured.com.RestAssured.ValidateJsonResponseBody -->
    </test> <!-- Default test -->
  </suite> <!-- Default suite -->
</testng-results>
